# JRE version: Java(TM) SE Runtime Environment (8.0_271-b09) (build 1.8.0_271-b09)
# Java VM: Java HotSpot(TM) 64-Bit Server VM (25.271-b09 mixed mode windows-amd64 compressed oops)
Heap:
 PSYoungGen      total 109568K, used 9606K [0x00000000f5580000, 0x0000000100000000, 0x0000000100000000)
  eden space 99840K, 9% used [0x00000000f5580000,0x00000000f5ee1ac0,0x00000000fb700000)
  from space 9728K, 0% used [0x00000000fb700000,0x00000000fb700000,0x00000000fc080000)
  to   space 10240K, 0% used [0x00000000ff600000,0x00000000ff600000,0x0000000100000000)
 ParOldGen       total 80896K, used 9857K [0x00000000e0000000, 0x00000000e4f00000, 0x00000000f5580000)
  object space 80896K, 12% used [0x00000000e0000000,0x00000000e09a0780,0x00000000e4f00000)
 Metaspace       used 34140K, capacity 35404K, committed 35544K, reserved 1079296K
  class space    used 4484K, capacity 4792K, committed 4864K, reserved 1048576K
GC Heap History (10 events):
Event: 3.625 GC heap before
{Heap before GC invocations=5 (full 1):
 PSYoungGen      total 71680K, used 5114K [0x00000000f5580000, 0x00000000fa080000, 0x0000000100000000)
  eden space 66560K, 0% used [0x00000000f5580000,0x00000000f5580000,0x00000000f9680000)
  from space 5120K, 99% used [0x00000000f9b80000,0x00000000fa07eb50,0x00000000fa080000)
  to   space 5120K, 0% used [0x00000000f9680000,0x00000000f9680000,0x00000000f9b80000)
 ParOldGen       total 87552K, used 6364K [0x00000000e0000000, 0x00000000e5580000, 0x00000000f5580000)
  object space 87552K, 7% used [0x00000000e0000000,0x00000000e0637168,0x00000000e5580000)
 Metaspace       used 20477K, capacity 21090K, committed 21248K, reserved 1067008K
  class space    used 2538K, capacity 2713K, committed 2816K, reserved 1048576K
Event: 3.667 GC heap after
Heap after GC invocations=5 (full 1):
 PSYoungGen      total 71680K, used 0K [0x00000000f5580000, 0x00000000fa080000, 0x0000000100000000)
  eden space 66560K, 0% used [0x00000000f5580000,0x00000000f5580000,0x00000000f9680000)
  from space 5120K, 0% used [0x00000000f9b80000,0x00000000f9b80000,0x00000000fa080000)
  to   space 5120K, 0% used [0x00000000f9680000,0x00000000f9680000,0x00000000f9b80000)
 ParOldGen       total 57344K, used 6797K [0x00000000e0000000, 0x00000000e3800000, 0x00000000f5580000)
  object space 57344K, 11% used [0x00000000e0000000,0x00000000e06a3790,0x00000000e3800000)
 Metaspace       used 20477K, capacity 21090K, committed 21248K, reserved 1067008K
  class space    used 2538K, capacity 2713K, committed 2816K, reserved 1048576K
}
Event: 5.076 GC heap before
{Heap before GC invocations=6 (full 1):
 PSYoungGen      total 71680K, used 66560K [0x00000000f5580000, 0x00000000fa080000, 0x0000000100000000)
  eden space 66560K, 100% used [0x00000000f5580000,0x00000000f9680000,0x00000000f9680000)
  from space 5120K, 0% used [0x00000000f9b80000,0x00000000f9b80000,0x00000000fa080000)
  to   space 5120K, 0% used [0x00000000f9680000,0x00000000f9680000,0x00000000f9b80000)
 ParOldGen       total 57344K, used 6797K [0x00000000e0000000, 0x00000000e3800000, 0x00000000f5580000)
  object space 57344K, 11% used [0x00000000e0000000,0x00000000e06a3790,0x00000000e3800000)
 Metaspace       used 28068K, capacity 29134K, committed 29440K, reserved 1075200K
  class space    used 3572K, capacity 3829K, committed 3840K, reserved 1048576K
Event: 5.088 GC heap after
Heap after GC invocations=6 (full 1):
 PSYoungGen      total 71680K, used 5111K [0x00000000f5580000, 0x00000000fca00000, 0x0000000100000000)
  eden space 66560K, 0% used [0x00000000f5580000,0x00000000f5580000,0x00000000f9680000)
  from space 5120K, 99% used [0x00000000f9680000,0x00000000f9b7dd18,0x00000000f9b80000)
  to   space 8704K, 0% used [0x00000000fc180000,0x00000000fc180000,0x00000000fca00000)
 ParOldGen       total 57344K, used 10168K [0x00000000e0000000, 0x00000000e3800000, 0x00000000f5580000)
  object space 57344K, 17% used [0x00000000e0000000,0x00000000e09ee300,0x00000000e3800000)
 Metaspace       used 28068K, capacity 29134K, committed 29440K, reserved 1075200K
  class space    used 3572K, capacity 3829K, committed 3840K, reserved 1048576K
}
Event: 6.910 GC heap before
{Heap before GC invocations=7 (full 1):
 PSYoungGen      total 71680K, used 71671K [0x00000000f5580000, 0x00000000fca00000, 0x0000000100000000)
  eden space 66560K, 100% used [0x00000000f5580000,0x00000000f9680000,0x00000000f9680000)
  from space 5120K, 99% used [0x00000000f9680000,0x00000000f9b7dd18,0x00000000f9b80000)
  to   space 8704K, 0% used [0x00000000fc180000,0x00000000fc180000,0x00000000fca00000)
 ParOldGen       total 57344K, used 10168K [0x00000000e0000000, 0x00000000e3800000, 0x00000000f5580000)
  object space 57344K, 17% used [0x00000000e0000000,0x00000000e09ee300,0x00000000e3800000)
 Metaspace       used 33805K, capacity 35076K, committed 35200K, reserved 1079296K
  class space    used 4414K, capacity 4661K, committed 4736K, reserved 1048576K
Event: 6.923 GC heap after
Heap after GC invocations=7 (full 1):
 PSYoungGen      total 108544K, used 8680K [0x00000000f5580000, 0x00000000fca00000, 0x0000000100000000)
  eden space 99840K, 0% used [0x00000000f5580000,0x00000000f5580000,0x00000000fb700000)
  from space 8704K, 99% used [0x00000000fc180000,0x00000000fc9fa3b0,0x00000000fca00000)
  to   space 9728K, 0% used [0x00000000fb700000,0x00000000fb700000,0x00000000fc080000)
 ParOldGen       total 57344K, used 10898K [0x00000000e0000000, 0x00000000e3800000, 0x00000000f5580000)
  object space 57344K, 19% used [0x00000000e0000000,0x00000000e0aa4ad0,0x00000000e3800000)
 Metaspace       used 33805K, capacity 35076K, committed 35200K, reserved 1079296K
  class space    used 4414K, capacity 4661K, committed 4736K, reserved 1048576K
}
Event: 7.003 GC heap before
{Heap before GC invocations=8 (full 1):
 PSYoungGen      total 108544K, used 12601K [0x00000000f5580000, 0x00000000fca00000, 0x0000000100000000)
  eden space 99840K, 3% used [0x00000000f5580000,0x00000000f59541b8,0x00000000fb700000)
  from space 8704K, 99% used [0x00000000fc180000,0x00000000fc9fa3b0,0x00000000fca00000)
  to   space 9728K, 0% used [0x00000000fb700000,0x00000000fb700000,0x00000000fc080000)
 ParOldGen       total 57344K, used 10898K [0x00000000e0000000, 0x00000000e3800000, 0x00000000f5580000)
  object space 57344K, 19% used [0x00000000e0000000,0x00000000e0aa4ad0,0x00000000e3800000)
 Metaspace       used 33964K, capacity 35212K, committed 35416K, reserved 1079296K
  class space    used 4433K, capacity 4728K, committed 4736K, reserved 1048576K
Event: 7.010 GC heap after
Heap after GC invocations=8 (full 1):
 PSYoungGen      total 109568K, used 5408K [0x00000000f5580000, 0x0000000100000000, 0x0000000100000000)
  eden space 99840K, 0% used [0x00000000f5580000,0x00000000f5580000,0x00000000fb700000)
  from space 9728K, 55% used [0x00000000fb700000,0x00000000fbc48090,0x00000000fc080000)
  to   space 10240K, 0% used [0x00000000ff600000,0x00000000ff600000,0x0000000100000000)
 ParOldGen       total 57344K, used 10906K [0x00000000e0000000, 0x00000000e3800000, 0x00000000f5580000)
  object space 57344K, 19% used [0x00000000e0000000,0x00000000e0aa6ad0,0x00000000e3800000)
 Metaspace       used 33964K, capacity 35212K, committed 35416K, reserved 1079296K
  class space    used 4433K, capacity 4728K, committed 4736K, reserved 1048576K
}
Event: 7.010 GC heap before
{Heap before GC invocations=9 (full 2):
 PSYoungGen      total 109568K, used 5408K [0x00000000f5580000, 0x0000000100000000, 0x0000000100000000)
  eden space 99840K, 0% used [0x00000000f5580000,0x00000000f5580000,0x00000000fb700000)
  from space 9728K, 55% used [0x00000000fb700000,0x00000000fbc48090,0x00000000fc080000)
  to   space 10240K, 0% used [0x00000000ff600000,0x00000000ff600000,0x0000000100000000)
 ParOldGen       total 57344K, used 10906K [0x00000000e0000000, 0x00000000e3800000, 0x00000000f5580000)
  object space 57344K, 19% used [0x00000000e0000000,0x00000000e0aa6ad0,0x00000000e3800000)
 Metaspace       used 33964K, capacity 35212K, committed 35416K, reserved 1079296K
  class space    used 4433K, capacity 4728K, committed 4736K, reserved 1048576K
Event: 7.093 GC heap after
Heap after GC invocations=9 (full 2):
 PSYoungGen      total 109568K, used 0K [0x00000000f5580000, 0x0000000100000000, 0x0000000100000000)
  eden space 99840K, 0% used [0x00000000f5580000,0x00000000f5580000,0x00000000fb700000)
  from space 9728K, 0% used [0x00000000fb700000,0x00000000fb700000,0x00000000fc080000)
  to   space 10240K, 0% used [0x00000000ff600000,0x00000000ff600000,0x0000000100000000)
 ParOldGen       total 80896K, used 9857K [0x00000000e0000000, 0x00000000e4f00000, 0x00000000f5580000)
  object space 80896K, 12% used [0x00000000e0000000,0x00000000e09a0780,0x00000000e4f00000)
 Metaspace       used 33964K, capacity 35212K, committed 35416K, reserved 1079296K
  class space    used 4433K, capacity 4728K, committed 4736K, reserved 1048576K
}

