# JRE version: Java(TM) SE Runtime Environment (8.0_271-b09) (build 1.8.0_271-b09)
# Java VM: Java HotSpot(TM) 64-Bit Server VM (25.271-b09 mixed mode windows-amd64 compressed oops)
Heap:
 PSYoungGen      total 98304K, used 12651K [0x00000000f5580000, 0x00000000fd480000, 0x0000000100000000)
  eden space 90112K, 4% used [0x00000000f5580000,0x00000000f59e1be8,0x00000000fad80000)
  from space 8192K, 99% used [0x00000000fad80000,0x00000000fb579100,0x00000000fb580000)
  to   space 9728K, 0% used [0x00000000fcb00000,0x00000000fcb00000,0x00000000fd480000)
 ParOldGen       total 89600K, used 14483K [0x00000000e0000000, 0x00000000e5780000, 0x00000000f5580000)
  object space 89600K, 16% used [0x00000000e0000000,0x00000000e0e24f70,0x00000000e5780000)
 Metaspace       used 48314K, capacity 50263K, committed 50688K, reserved 1093632K
  class space    used 6611K, capacity 7054K, committed 7168K, reserved 1048576K
GC Heap History (10 events):
Event: 13.797 GC heap before
{Heap before GC invocations=9 (full 1):
 PSYoungGen      total 58368K, used 25953K [0x00000000f5580000, 0x00000000fad00000, 0x0000000100000000)
  eden space 50176K, 38% used [0x00000000f5580000,0x00000000f6876350,0x00000000f8680000)
  from space 8192K, 79% used [0x00000000f8680000,0x00000000f8ce2468,0x00000000f8e80000)
  to   space 7680K, 0% used [0x00000000fa580000,0x00000000fa580000,0x00000000fad00000)
 ParOldGen       total 57344K, used 6811K [0x00000000e0000000, 0x00000000e3800000, 0x00000000f5580000)
  object space 57344K, 11% used [0x00000000e0000000,0x00000000e06a6ff8,0x00000000e3800000)
 Metaspace       used 34050K, capacity 35308K, committed 35416K, reserved 1079296K
  class space    used 4450K, capacity 4760K, committed 4864K, reserved 1048576K
Event: 13.807 GC heap after
Heap after GC invocations=9 (full 1):
 PSYoungGen      total 80896K, used 6506K [0x00000000f5580000, 0x00000000fac80000, 0x0000000100000000)
  eden space 73728K, 0% used [0x00000000f5580000,0x00000000f5580000,0x00000000f9d80000)
  from space 7168K, 90% used [0x00000000fa580000,0x00000000fabdaac0,0x00000000fac80000)
  to   space 7680K, 0% used [0x00000000f9d80000,0x00000000f9d80000,0x00000000fa500000)
 ParOldGen       total 57344K, used 6819K [0x00000000e0000000, 0x00000000e3800000, 0x00000000f5580000)
  object space 57344K, 11% used [0x00000000e0000000,0x00000000e06a8ff8,0x00000000e3800000)
 Metaspace       used 34050K, capacity 35308K, committed 35416K, reserved 1079296K
  class space    used 4450K, capacity 4760K, committed 4864K, reserved 1048576K
}
Event: 13.807 GC heap before
{Heap before GC invocations=10 (full 2):
 PSYoungGen      total 80896K, used 6506K [0x00000000f5580000, 0x00000000fac80000, 0x0000000100000000)
  eden space 73728K, 0% used [0x00000000f5580000,0x00000000f5580000,0x00000000f9d80000)
  from space 7168K, 90% used [0x00000000fa580000,0x00000000fabdaac0,0x00000000fac80000)
  to   space 7680K, 0% used [0x00000000f9d80000,0x00000000f9d80000,0x00000000fa500000)
 ParOldGen       total 57344K, used 6819K [0x00000000e0000000, 0x00000000e3800000, 0x00000000f5580000)
  object space 57344K, 11% used [0x00000000e0000000,0x00000000e06a8ff8,0x00000000e3800000)
 Metaspace       used 34050K, capacity 35308K, committed 35416K, reserved 1079296K
  class space    used 4450K, capacity 4760K, committed 4864K, reserved 1048576K
Event: 13.893 GC heap after
Heap after GC invocations=10 (full 2):
 PSYoungGen      total 80896K, used 0K [0x00000000f5580000, 0x00000000fac80000, 0x0000000100000000)
  eden space 73728K, 0% used [0x00000000f5580000,0x00000000f5580000,0x00000000f9d80000)
  from space 7168K, 0% used [0x00000000fa580000,0x00000000fa580000,0x00000000fac80000)
  to   space 7680K, 0% used [0x00000000f9d80000,0x00000000f9d80000,0x00000000fa500000)
 ParOldGen       total 89600K, used 10926K [0x00000000e0000000, 0x00000000e5780000, 0x00000000f5580000)
  object space 89600K, 12% used [0x00000000e0000000,0x00000000e0aabb20,0x00000000e5780000)
 Metaspace       used 34050K, capacity 35308K, committed 35416K, reserved 1079296K
  class space    used 4450K, capacity 4760K, committed 4864K, reserved 1048576K
}
Event: 27.249 GC heap before
{Heap before GC invocations=11 (full 2):
 PSYoungGen      total 80896K, used 73728K [0x00000000f5580000, 0x00000000fac80000, 0x0000000100000000)
  eden space 73728K, 100% used [0x00000000f5580000,0x00000000f9d80000,0x00000000f9d80000)
  from space 7168K, 0% used [0x00000000fa580000,0x00000000fa580000,0x00000000fac80000)
  to   space 7680K, 0% used [0x00000000f9d80000,0x00000000f9d80000,0x00000000fa500000)
 ParOldGen       total 89600K, used 10926K [0x00000000e0000000, 0x00000000e5780000, 0x00000000f5580000)
  object space 89600K, 12% used [0x00000000e0000000,0x00000000e0aabb20,0x00000000e5780000)
 Metaspace       used 39913K, capacity 41742K, committed 41984K, reserved 1085440K
  class space    used 5408K, capacity 5817K, committed 5888K, reserved 1048576K
Event: 27.267 GC heap after
Heap after GC invocations=11 (full 2):
 PSYoungGen      total 81408K, used 7431K [0x00000000f5580000, 0x00000000fbe00000, 0x0000000100000000)
  eden space 73728K, 0% used [0x00000000f5580000,0x00000000f5580000,0x00000000f9d80000)
  from space 7680K, 96% used [0x00000000f9d80000,0x00000000fa4c1d48,0x00000000fa500000)
  to   space 8192K, 0% used [0x00000000fb600000,0x00000000fb600000,0x00000000fbe00000)
 ParOldGen       total 89600K, used 10934K [0x00000000e0000000, 0x00000000e5780000, 0x00000000f5580000)
  object space 89600K, 12% used [0x00000000e0000000,0x00000000e0aadb20,0x00000000e5780000)
 Metaspace       used 39913K, capacity 41742K, committed 41984K, reserved 1085440K
  class space    used 5408K, capacity 5817K, committed 5888K, reserved 1048576K
}
Event: 29.670 GC heap before
{Heap before GC invocations=12 (full 2):
 PSYoungGen      total 81408K, used 81159K [0x00000000f5580000, 0x00000000fbe00000, 0x0000000100000000)
  eden space 73728K, 100% used [0x00000000f5580000,0x00000000f9d80000,0x00000000f9d80000)
  from space 7680K, 96% used [0x00000000f9d80000,0x00000000fa4c1d48,0x00000000fa500000)
  to   space 8192K, 0% used [0x00000000fb600000,0x00000000fb600000,0x00000000fbe00000)
 ParOldGen       total 89600K, used 10934K [0x00000000e0000000, 0x00000000e5780000, 0x00000000f5580000)
  object space 89600K, 12% used [0x00000000e0000000,0x00000000e0aadb20,0x00000000e5780000)
 Metaspace       used 43336K, capacity 45246K, committed 45568K, reserved 1089536K
  class space    used 5875K, capacity 6293K, committed 6400K, reserved 1048576K
Event: 29.679 GC heap after
Heap after GC invocations=12 (full 2):
 PSYoungGen      total 97792K, used 6528K [0x00000000f5580000, 0x00000000fbd80000, 0x0000000100000000)
  eden space 90112K, 0% used [0x00000000f5580000,0x00000000f5580000,0x00000000fad80000)
  from space 7680K, 85% used [0x00000000fb600000,0x00000000fbc60010,0x00000000fbd80000)
  to   space 8192K, 0% used [0x00000000fad80000,0x00000000fad80000,0x00000000fb580000)
 ParOldGen       total 89600K, used 10942K [0x00000000e0000000, 0x00000000e5780000, 0x00000000f5580000)
  object space 89600K, 12% used [0x00000000e0000000,0x00000000e0aafb20,0x00000000e5780000)
 Metaspace       used 43336K, capacity 45246K, committed 45568K, reserved 1089536K
  class space    used 5875K, capacity 6293K, committed 6400K, reserved 1048576K
}
Event: 32.309 GC heap before
{Heap before GC invocations=13 (full 2):
 PSYoungGen      total 97792K, used 96640K [0x00000000f5580000, 0x00000000fbd80000, 0x0000000100000000)
  eden space 90112K, 100% used [0x00000000f5580000,0x00000000fad80000,0x00000000fad80000)
  from space 7680K, 85% used [0x00000000fb600000,0x00000000fbc60010,0x00000000fbd80000)
  to   space 8192K, 0% used [0x00000000fad80000,0x00000000fad80000,0x00000000fb580000)
 ParOldGen       total 89600K, used 10942K [0x00000000e0000000, 0x00000000e5780000, 0x00000000f5580000)
  object space 89600K, 12% used [0x00000000e0000000,0x00000000e0aafb20,0x00000000e5780000)
 Metaspace       used 48272K, capacity 50251K, committed 50432K, reserved 1093632K
  class space    used 6605K, capacity 7052K, committed 7168K, reserved 1048576K
Event: 32.326 GC heap after
Heap after GC invocations=13 (full 2):
 PSYoungGen      total 98304K, used 8164K [0x00000000f5580000, 0x00000000fd480000, 0x0000000100000000)
  eden space 90112K, 0% used [0x00000000f5580000,0x00000000f5580000,0x00000000fad80000)
  from space 8192K, 99% used [0x00000000fad80000,0x00000000fb579100,0x00000000fb580000)
  to   space 9728K, 0% used [0x00000000fcb00000,0x00000000fcb00000,0x00000000fd480000)
 ParOldGen       total 89600K, used 14483K [0x00000000e0000000, 0x00000000e5780000, 0x00000000f5580000)
  object space 89600K, 16% used [0x00000000e0000000,0x00000000e0e24f70,0x00000000e5780000)
 Metaspace       used 48272K, capacity 50251K, committed 50432K, reserved 1093632K
  class space    used 6605K, capacity 7052K, committed 7168K, reserved 1048576K
}

